full_Multi-labels
Instance Accuracy: 0.8925925925925926
Recommendation Accuracy: 0.8518518518518519
Subset Accuracy: 0.8148148148148148
Label Accuracy: 0.9111111111111111
Label FScores:
{109: 0.9155555555555556, 98: 0.9797979797979798, 74: 0.9103448275862069}
Label Average FScore: 0.9352327876465808
Subset FScores:
{6: 0.0, 61: 0.9279999999999999, 13: 0.5333333333333333, 18: 0.6857142857142857, 5: 0.8000000000000002, 2: 0.0, 30: 0.9333333333333333}
Subset Average FScore: 0.5543401360544218
--------------------------------------------------
reduced_Multi-labels
Instance Accuracy: 0.8175675675675675
Recommendation Accuracy: 0.7297297297297297
Subset Accuracy: 0.7027027027027027
Label Accuracy: 0.8513513513513513
Label FScores:
{48: 0.8269230769230769, 37: 0.9473684210526315, 13: 0.5599999999999999}
Label Average FScore: 0.7780971659919028
Subset FScores:
{6: 0.0, 13: 0.5714285714285715, 18: 0.6857142857142857, 5: 0.8000000000000002, 2: 0.0, 30: 0.9333333333333333}
Subset Average FScore: 0.4984126984126984
--------------------------------------------------
full_Powerset
Instance Accuracy: 0.8814814814814815
Recommendation Accuracy: 0.837037037037037
Subset Accuracy: 0.7925925925925926
Label Accuracy: 0.9012345679012346
Label FScores:
{109: 0.9196428571428571, 98: 0.9595959595959594, 74: 0.9041095890410958}
Label Average FScore: 0.9277828019266375
Subset FScores:
{30: 0.9032258064516129, 13: 0.5384615384615384, 61: 0.8906250000000001, 5: 0.5, 18: 0.7222222222222222, 6: 0.0, 2: 0.0}
Subset Average FScore: 0.5077906524479106
--------------------------------------------------
reduced_Powerset
Instance Accuracy: 0.8018018018018017
Recommendation Accuracy: 0.7027027027027027
Subset Accuracy: 0.6756756756756757
Label Accuracy: 0.8378378378378378
Label FScores:
{48: 0.8349514563106797, 37: 0.9090909090909091, 13: 0.5384615384615384}
Label Average FScore: 0.7608346346210424
Subset FScores:
{30: 0.9032258064516129, 13: 0.5833333333333334, 5: 0.5714285714285715, 18: 0.7222222222222222, 6: 0.0, 2: 0.0}
Subset Average FScore: 0.46336832223929
--------------------------------------------------
